Build started 10/14/2014 11:31:17 PM.
     1>Project "C:\Users\Isaac\Desktop\EECS481_MDE\EECS481_MDE\EECS481_MDE.vcxproj" on node 2 (Build target(s)).
     1>ClCompile:
         C:\Program Files (x86)\Microsoft Visual Studio 12.0\VC\bin\CL.exe /c /ZI /nologo /W3 /WX- /sdl /Od /Oy- /D _MBCS /Gm /EHsc /RTC1 /MDd /GS /fp:precise /Zc:wchar_t /Zc:forScope /Fo"Debug\\" /Fd"Debug\vc120.pdb" /Gd /TP /analyze- /errorReport:prompt ..\game.cpp ..\location.cpp
         location.cpp
         game.cpp
     1>c:\users\isaac\desktop\eecs481_mde\game.cpp(24): error C2065: 'Location' : undeclared identifier
     1>c:\users\isaac\desktop\eecs481_mde\game.cpp(24): error C2146: syntax error : missing ';' before identifier 'display_location'
     1>c:\users\isaac\desktop\eecs481_mde\game.cpp(24): error C2065: 'display_location' : undeclared identifier
     1>c:\users\isaac\desktop\eecs481_mde\game.cpp(29): error C2065: 'Location' : undeclared identifier
     1>c:\users\isaac\desktop\eecs481_mde\game.cpp(29): error C2228: left of '.makeBigger' must have class/struct/union
                 type is 'unknown-type'
     1>c:\users\isaac\desktop\eecs481_mde\game.cpp(30): error C3861: 'testForInput': identifier not found
     1>c:\users\isaac\desktop\eecs481_mde\game.cpp(31): error C3861: 'getXInput': identifier not found
     1>c:\users\isaac\desktop\eecs481_mde\game.cpp(32): error C3861: 'getYInput': identifier not found
     1>c:\users\isaac\desktop\eecs481_mde\game.cpp(33): error C3861: 'getZInput': identifier not found
     1>c:\users\isaac\desktop\eecs481_mde\game.cpp(34): error C2065: 'display_location' : undeclared identifier
     1>c:\users\isaac\desktop\eecs481_mde\game.cpp(34): error C2228: left of '.contains' must have class/struct/union
                 type is 'unknown-type'
     1>c:\users\isaac\desktop\eecs481_mde\game.cpp(39): error C3861: 'pause': identifier not found
     1>c:\users\isaac\desktop\eecs481_mde\game.cpp(46): error C3861: 'awardPoints': identifier not found
     1>c:\users\isaac\desktop\eecs481_mde\game.cpp(47): error C3861: 'playLights': identifier not found
     1>c:\users\isaac\desktop\eecs481_mde\game.cpp(48): error C3861: 'Colors': identifier not found
     1>c:\users\isaac\desktop\eecs481_mde\game.cpp(49): error C3861: 'Sounds': identifier not found
     1>c:\users\isaac\desktop\eecs481_mde\game.cpp(59): error C2065: 'Video' : undeclared identifier
     1>c:\users\isaac\desktop\eecs481_mde\game.cpp(59): error C2228: left of '.displayOneOrTwoPlayer' must have class/struct/union
                 type is 'unknown-type'
         Generating Code...
     1>c:\users\isaac\desktop\eecs481_mde\location.cpp(15): error C4716: 'Location::makeSmaller' : must return a value
     1>c:\users\isaac\desktop\eecs481_mde\location.cpp(11): error C4716: 'Location::makeBigger' : must return a value
     1>c:\users\isaac\desktop\eecs481_mde\location.cpp(31): error C4716: 'Location::gradualColorChange' : must return a value
     1>c:\users\isaac\desktop\eecs481_mde\location.cpp(29): error C4716: 'Location::setColor' : must return a value
     1>Done Building Project "C:\Users\Isaac\Desktop\EECS481_MDE\EECS481_MDE\EECS481_MDE.vcxproj" (Build target(s)) -- FAILED.

Build FAILED.

Time Elapsed 00:00:00.94
